2026-07-15 23:04:04 | INFO     | main:<module>:86 | Rate limiting enabled
2026-07-15 23:04:04 | INFO     | main:lifespan:23 | Starting Multi-Agent Shopping Assistant v1.0.0
2026-07-15 23:04:05 | INFO     | main:lifespan:25 | Database initialized
2026-07-15 23:04:12 | INFO     | app.middleware.logging:dispatch:13 | [b035a5e1] GET /
2026-07-15 23:04:13 | INFO     | app.middleware.logging:dispatch:18 | [b035a5e1] 200 - 532.54ms
2026-07-15 23:04:13 | INFO     | app.middleware.logging:dispatch:13 | [1bf35664] GET /favicon.ico
2026-07-15 23:04:13 | INFO     | app.middleware.logging:dispatch:18 | [1bf35664] 404 - 52.7ms
2026-07-15 23:04:57 | INFO     | app.middleware.logging:dispatch:13 | [e3a1248b] OPTIONS /api/v1/auth/google
2026-07-15 23:04:57 | INFO     | app.middleware.logging:dispatch:18 | [e3a1248b] 200 - 675.89ms
2026-07-15 23:04:59 | INFO     | app.middleware.logging:dispatch:13 | [fbd53995] POST /api/v1/auth/google
2026-07-15 23:05:22 | INFO     | app.middleware.logging:dispatch:18 | [fbd53995] 200 - 22868.27ms
2026-07-15 23:05:25 | INFO     | app.middleware.logging:dispatch:13 | [2fd84687] OPTIONS /api/v1/dashboard
2026-07-15 23:05:26 | INFO     | app.middleware.logging:dispatch:13 | [9a11b0cc] OPTIONS /api/v1/dashboard
2026-07-15 23:05:26 | INFO     | app.middleware.logging:dispatch:18 | [2fd84687] 200 - 469.09ms
2026-07-15 23:05:26 | INFO     | app.middleware.logging:dispatch:18 | [9a11b0cc] 200 - 115.46ms
2026-07-15 23:05:26 | INFO     | app.middleware.logging:dispatch:13 | [d5078124] GET /api/v1/dashboard
2026-07-15 23:05:29 | INFO     | app.middleware.logging:dispatch:18 | [d5078124] 200 - 2753.22ms
2026-07-15 23:05:29 | INFO     | app.middleware.logging:dispatch:13 | [67d81e55] GET /api/v1/dashboard
2026-07-15 23:05:31 | INFO     | app.middleware.logging:dispatch:18 | [67d81e55] 200 - 1675.97ms
2026-07-15 23:05:51 | INFO     | app.middleware.logging:dispatch:13 | [ce15271e] OPTIONS /api/v1/auth/profile
2026-07-15 23:05:51 | INFO     | app.middleware.logging:dispatch:18 | [ce15271e] 200 - 3.27ms
2026-07-15 23:05:51 | INFO     | app.middleware.logging:dispatch:13 | [a7f160f2] PUT /api/v1/auth/profile
2026-07-15 23:05:51 | INFO     | app.middleware.logging:dispatch:18 | [a7f160f2] 200 - 20.7ms
2026-07-15 23:06:01 | INFO     | app.middleware.logging:dispatch:13 | [d8fa2990] GET /api/v1/dashboard
2026-07-15 23:06:01 | INFO     | app.middleware.logging:dispatch:18 | [d8fa2990] 200 - 35.64ms
2026-07-15 23:06:01 | INFO     | app.middleware.logging:dispatch:13 | [f814911c] GET /api/v1/dashboard
2026-07-15 23:06:01 | INFO     | app.middleware.logging:dispatch:18 | [f814911c] 200 - 230.93ms
2026-07-15 23:06:08 | INFO     | app.middleware.logging:dispatch:13 | [53ae2a8b] OPTIONS /api/v1/search
2026-07-15 23:06:08 | INFO     | app.middleware.logging:dispatch:18 | [53ae2a8b] 200 - 3.36ms
2026-07-15 23:06:08 | INFO     | app.middleware.logging:dispatch:13 | [a2aa9d53] GET /api/v1/search
2026-07-15 23:06:08 | INFO     | app.agents.coordinator:process:27 | CoordinatorAgent processing query: 'iphone'
2026-07-15 23:06:08 | INFO     | app.agents.product_search.agent:search:35 | ProductSearchAgent detected category='electronics' for query='iphone'
2026-07-15 23:06:21 | INFO     | app.agents.product_search.image_fetcher:_fetch_image:106 | ImageFetcher: 'Apple iPhone 16 Pro' -> OK: https://api.openverse.org/v1/images/57de8ee6-0635-46b4-b332-
2026-07-15 23:06:21 | INFO     | app.agents.product_search.image_fetcher:_fetch_image:106 | ImageFetcher: 'Apple iPhone 16' -> OK: https://api.openverse.org/v1/images/57de8ee6-0635-46b4-b332-
2026-07-15 23:06:21 | INFO     | app.agents.product_search.image_fetcher:_fetch_image:106 | ImageFetcher: 'Apple iPhone 16 Pro Max' -> OK: https://api.openverse.org/v1/images/57de8ee6-0635-46b4-b332-
2026-07-15 23:06:21 | INFO     | app.agents.product_search.image_fetcher:_fetch_image:106 | ImageFetcher: 'Apple iPhone 15 Pro' -> OK: https://api.openverse.org/v1/images/b834bc2f-2566-47af-9977-
2026-07-15 23:06:21 | INFO     | app.agents.product_search.image_fetcher:_fetch_image:106 | ImageFetcher: 'Apple iPhone 15 Pro Max' -> OK: https://api.openverse.org/v1/images/05bf6ec6-4a8b-4f94-944a-
2026-07-15 23:06:21 | INFO     | app.agents.product_search.image_fetcher:_fetch_image:106 | ImageFetcher: 'Apple iPhone 15' -> OK: https://api.openverse.org/v1/images/b834bc2f-2566-47af-9977-
2026-07-15 23:06:24 | INFO     | app.agents.product_search.image_fetcher:_fetch_image:106 | ImageFetcher: 'iphone' -> OK: https://api.openverse.org/v1/images/a770c7c8-f521-4d97-a8de-
2026-07-15 23:06:24 | INFO     | app.agents.product_search.agent:search:65 | ProductSearchAgent found 30 products for 'iphone' (category=electronics)
2026-07-15 23:06:24 | INFO     | app.agents.price_compare.agent:compare:63 | PriceComparisonAgent: lowest=70920.0, highest=129250.0, avg=100543.9, platforms=7
2026-07-15 23:06:24 | INFO     | app.agents.review_analysis.agent:analyze:73 | ReviewAnalysisAgent: pos=100.0%, neg=0.0%, confidence=1.0
2026-07-15 23:06:24 | INFO     | app.agents.recommendation.agent:recommend:98 | RecommendationAgent: category=electronics, best='Apple iPhone 15' (Amazon), score=78.5
2026-07-15 23:06:24 | INFO     | app.agents.coordinator:process:55 | CoordinatorAgent completed: 30 products, score=78.5
2026-07-15 23:06:25 | INFO     | app.middleware.logging:dispatch:18 | [a2aa9d53] 200 - 16824.72ms
2026-07-15 23:06:49 | INFO     | app.middleware.logging:dispatch:13 | [e43e9d63] OPTIONS /api/v1/wishlist
2026-07-15 23:06:49 | INFO     | app.middleware.logging:dispatch:18 | [e43e9d63] 200 - 1.31ms
2026-07-15 23:06:49 | INFO     | app.middleware.logging:dispatch:13 | [84efe5f2] POST /api/v1/wishlist
2026-07-15 23:06:49 | INFO     | app.middleware.logging:dispatch:18 | [84efe5f2] 201 - 84.52ms
2026-07-15 23:09:17 | INFO     | app.middleware.logging:dispatch:13 | [2b104f06] OPTIONS /api/v1/auth/logout
2026-07-15 23:09:17 | INFO     | app.middleware.logging:dispatch:18 | [2b104f06] 200 - 10.83ms
2026-07-15 23:09:17 | INFO     | app.middleware.logging:dispatch:13 | [9c818d1a] POST /api/v1/auth/logout
2026-07-15 23:09:18 | INFO     | app.middleware.logging:dispatch:18 | [9c818d1a] 204 - 131.03ms
2026-07-15 23:09:36 | INFO     | app.middleware.logging:dispatch:13 | [9570dd95] POST /api/v1/auth/google
2026-07-15 23:09:40 | INFO     | app.middleware.logging:dispatch:18 | [9570dd95] 401 - 3457.53ms
2026-07-15 23:09:55 | INFO     | app.middleware.logging:dispatch:13 | [19bfbdeb] POST /api/v1/auth/google
2026-07-15 23:10:02 | INFO     | app.middleware.logging:dispatch:18 | [19bfbdeb] 200 - 6989.12ms
2026-07-15 23:10:03 | INFO     | app.middleware.logging:dispatch:13 | [a46f20ef] GET /api/v1/dashboard
2026-07-15 23:10:03 | INFO     | app.middleware.logging:dispatch:18 | [a46f20ef] 200 - 660.44ms
2026-07-15 23:10:05 | INFO     | app.middleware.logging:dispatch:13 | [9de85aba] GET /api/v1/dashboard
2026-07-15 23:10:06 | INFO     | app.middleware.logging:dispatch:18 | [9de85aba] 200 - 643.44ms
2026-07-15 23:10:53 | INFO     | app.middleware.logging:dispatch:13 | [c2f21038] POST /api/v1/auth/logout
2026-07-15 23:10:53 | INFO     | app.middleware.logging:dispatch:18 | [c2f21038] 204 - 12.36ms
2026-07-15 23:50:00 | INFO     | main:lifespan:27 | Shutting down...
2026-07-18 17:53:55 | INFO     | main:<module>:86 | Rate limiting enabled
2026-07-18 17:53:55 | INFO     | main:lifespan:23 | Starting Multi-Agent Shopping Assistant v1.0.0
2026-07-18 17:53:55 | INFO     | main:lifespan:25 | Database initialized
2026-07-18 17:54:21 | INFO     | app.middleware.logging:dispatch:13 | [eb4d8076] GET /
2026-07-18 17:54:21 | INFO     | app.middleware.logging:dispatch:18 | [eb4d8076] 200 - 881.77ms
2026-07-18 17:54:22 | INFO     | app.middleware.logging:dispatch:13 | [b75aa5a9] GET /favicon.ico
2026-07-18 17:54:22 | INFO     | app.middleware.logging:dispatch:18 | [b75aa5a9] 404 - 25.76ms
2026-07-18 17:56:46 | INFO     | app.middleware.logging:dispatch:13 | [0c996fa7] OPTIONS /api/v1/auth/google
2026-07-18 17:56:46 | INFO     | app.middleware.logging:dispatch:18 | [0c996fa7] 200 - 53.39ms
2026-07-18 17:56:46 | INFO     | app.middleware.logging:dispatch:13 | [e6a878dc] POST /api/v1/auth/google
2026-07-18 17:56:53 | INFO     | app.middleware.logging:dispatch:18 | [e6a878dc] 200 - 7087.92ms
2026-07-18 17:56:54 | INFO     | app.middleware.logging:dispatch:13 | [a47dd20f] OPTIONS /api/v1/dashboard
2026-07-18 17:56:54 | INFO     | app.middleware.logging:dispatch:13 | [e7e14075] OPTIONS /api/v1/dashboard
2026-07-18 17:56:54 | INFO     | app.middleware.logging:dispatch:18 | [a47dd20f] 200 - 10.63ms
2026-07-18 17:56:54 | INFO     | app.middleware.logging:dispatch:18 | [e7e14075] 200 - 16.25ms
2026-07-18 17:56:54 | INFO     | app.middleware.logging:dispatch:13 | [1d027d90] GET /api/v1/dashboard
2026-07-18 17:56:54 | INFO     | app.middleware.logging:dispatch:18 | [1d027d90] 200 - 279.07ms
2026-07-18 17:56:55 | INFO     | app.middleware.logging:dispatch:13 | [5570f158] GET /api/v1/dashboard
2026-07-18 17:56:55 | INFO     | app.middleware.logging:dispatch:18 | [5570f158] 200 - 341.83ms
2026-07-18 17:57:09 | INFO     | app.middleware.logging:dispatch:13 | [eea96fe5] OPTIONS /api/v1/wishlist
2026-07-18 17:57:09 | INFO     | app.middleware.logging:dispatch:18 | [eea96fe5] 200 - 10.09ms
2026-07-18 17:57:09 | INFO     | app.middleware.logging:dispatch:13 | [7678c324] OPTIONS /api/v1/wishlist
2026-07-18 17:57:09 | INFO     | app.middleware.logging:dispatch:13 | [a78fa1d3] GET /api/v1/wishlist
2026-07-18 17:57:09 | INFO     | app.middleware.logging:dispatch:18 | [7678c324] 200 - 20.39ms
2026-07-18 17:57:09 | INFO     | app.middleware.logging:dispatch:18 | [a78fa1d3] 200 - 348.23ms
2026-07-18 17:57:09 | INFO     | app.middleware.logging:dispatch:13 | [d13713f6] GET /api/v1/wishlist
2026-07-18 17:57:09 | INFO     | app.middleware.logging:dispatch:18 | [d13713f6] 200 - 87.62ms
2026-07-18 18:00:25 | INFO     | main:lifespan:27 | Shutting down...
